[2022/12/23 14:37:07] root INFO: CEloss_0: 
[2022/12/23 14:37:07] root INFO: 	mean diff: check passed: True, value: 1.1920928955078125e-07
[2022/12/23 14:37:07] root INFO: Tripletloss_0: 
[2022/12/23 14:37:07] root INFO: 	mean diff: check passed: True, value: 4.76837158203125e-07
[2022/12/23 14:37:07] root INFO: CEloss_1: 
[2022/12/23 14:37:07] root INFO: 	mean diff: check passed: True, value: 2.384185791015625e-07
[2022/12/23 14:37:07] root INFO: Tripletloss_1: 
[2022/12/23 14:37:07] root INFO: 	mean diff: check passed: True, value: 4.76837158203125e-07
[2022/12/23 14:37:07] root INFO: CEloss_2: 
[2022/12/23 14:37:07] root INFO: 	mean diff: check passed: True, value: 0.0
[2022/12/23 14:37:07] root INFO: Tripletloss_2: 
[2022/12/23 14:37:07] root INFO: 	mean diff: check passed: False, value: 1.0728836059570312e-06
[2022/12/23 14:37:07] root INFO: CEloss_3: 
[2022/12/23 14:37:07] root INFO: 	mean diff: check passed: True, value: 0.0
[2022/12/23 14:37:07] root INFO: Tripletloss_3: 
[2022/12/23 14:37:07] root INFO: 	mean diff: check passed: False, value: 1.1920928955078125e-06
[2022/12/23 14:37:07] root INFO: CEloss_4: 
[2022/12/23 14:37:07] root INFO: 	mean diff: check passed: True, value: 1.1920928955078125e-07
[2022/12/23 14:37:07] root INFO: Tripletloss_4: 
[2022/12/23 14:37:07] root INFO: 	mean diff: check passed: False, value: 1.5497207641601562e-06
[2022/12/23 14:37:07] root INFO: diff check failed
